<?xml version="1.0" encoding="UTF-8" ?>
<testsuite tests="1" failures="0" name="cucumberOptionsRunner.TestRunner2" time="0" errors="1" skipped="0">
  <properties>
[...]
</properties>
  <testcase classname="cucumberOptionsRunner.TestRunner2" name="initializationError" time="0">
    <error message="Not a file or directory: C:\Tanu Docs\Dec2018WorkSpace\CucumberFIrstProjectRahul\src\test\java\features\LoginToApp.feature" type="java.lang.IllegalArgumentException">java.lang.IllegalArgumentException: Not a file or directory: C:\Tanu Docs\Dec2018WorkSpace\CucumberFIrstProjectRahul\src\test\java\features\LoginToApp.feature
	at cucumber.runtime.io.FileResourceIterator$FileIterator.&lt;init&gt;(FileResourceIterator.java:54)
	at cucumber.runtime.io.FileResourceIterator.&lt;init&gt;(FileResourceIterator.java:20)
	at cucumber.runtime.io.FileResourceIterable.iterator(FileResourceIterable.java:19)
	at cucumber.runtime.model.CucumberFeature.loadFromFeaturePath(CucumberFeature.java:103)
	at cucumber.runtime.model.CucumberFeature.load(CucumberFeature.java:54)
	at cucumber.runtime.model.CucumberFeature.load(CucumberFeature.java:34)
	at cucumber.runtime.RuntimeOptions.cucumberFeatures(RuntimeOptions.java:239)
	at cucumber.api.junit.Cucumber.&lt;init&gt;(Cucumber.java:62)
	at sun.reflect.NativeConstructorAccessorImpl.newInstance0(Native Method)
	at sun.reflect.NativeConstructorAccessorImpl.newInstance(NativeConstructorAccessorImpl.java:62)
	at sun.reflect.DelegatingConstructorAccessorImpl.newInstance(DelegatingConstructorAccessorImpl.java:45)
	at java.lang.reflect.Constructor.newInstance(Constructor.java:423)
	at org.junit.internal.builders.AnnotatedBuilder.buildRunner(AnnotatedBuilder.java:104)
	at org.junit.internal.builders.AnnotatedBuilder.runnerForClass(AnnotatedBuilder.java:86)
	at org.junit.runners.model.RunnerBuilder.safeRunnerForClass(RunnerBuilder.java:59)
	at org.junit.internal.builders.AllDefaultPossibilitiesBuilder.runnerForClass(AllDefaultPossibilitiesBuilder.java:26)
	at org.junit.runners.model.RunnerBuilder.safeRunnerForClass(RunnerBuilder.java:59)
	at org.junit.internal.requests.ClassRequest.getRunner(ClassRequest.java:33)
	at org.apache.maven.surefire.junit4.JUnit4Provider.execute(JUnit4Provider.java:250)
	at org.apache.maven.surefire.junit4.JUnit4Provider.executeTestSet(JUnit4Provider.java:141)
	at org.apache.maven.surefire.junit4.JUnit4Provider.invoke(JUnit4Provider.java:112)
	at sun.reflect.NativeMethodAccessorImpl.invoke0(Native Method)
	at sun.reflect.NativeMethodAccessorImpl.invoke(NativeMethodAccessorImpl.java:62)
	at sun.reflect.DelegatingMethodAccessorImpl.invoke(DelegatingMethodAccessorImpl.java:43)
	at java.lang.reflect.Method.invoke(Method.java:498)
	at org.apache.maven.surefire.util.ReflectionUtils.invokeMethodWithArray(ReflectionUtils.java:189)
	at org.apache.maven.surefire.booter.ProviderFactory$ProviderProxy.invoke(ProviderFactory.java:165)
	at org.apache.maven.surefire.booter.ProviderFactory.invokeProvider(ProviderFactory.java:85)
	at org.apache.maven.surefire.booter.ForkedBooter.runSuitesInProcess(ForkedBooter.java:115)
	at org.apache.maven.surefire.booter.ForkedBooter.main(ForkedBooter.java:75)
</error>
    <system-out>
  @PortalTest
  Scenario Outline: Home page default login                                 &amp;#27;[90m# Account.feature:47&amp;#27;[0m
    &amp;#27;[32mGiven &amp;#27;[0m&amp;#27;[32mUser is on Netbanking landing page&amp;#27;[0m                                &amp;#27;[90m# StepDefination.user_is_on_netbanking_landing_page()&amp;#27;[0m
    &amp;#27;[32mWhen &amp;#27;[0m&amp;#27;[32mUser login into application with username &amp;#27;[0m&amp;#27;[32m&amp;#27;[1mUser4&amp;#27;[0m&amp;#27;[32m and password &amp;#27;[0m&amp;#27;[32m&amp;#27;[1mPass4&amp;#27;[0m &amp;#27;[90m# StepDefination.user_login_into_application_with_username_and_password(String,String)&amp;#27;[0m
    &amp;#27;[33mThen &amp;#27;[0m&amp;#27;[33mHome page is populated&amp;#27;[0m
    &amp;#27;[36mAnd &amp;#27;[0m&amp;#27;[36mCards displayed are &quot;&amp;#27;[0m&amp;#27;[36m&amp;#27;[1mTrue&amp;#27;[0m&amp;#27;[36m&quot;&amp;#27;[0m                                          &amp;#27;[90m# StepDefination.cards_displayed_are_something(String)&amp;#27;[0m

&amp;#27;[33mUndefined scenarios:&amp;#27;[0m
&amp;#27;[33mAccount.feature:10 &amp;#27;[0m# Scenario: Home page default login
&amp;#27;[33mAccount.feature:18 &amp;#27;[0m# Scenario: Home page default login
&amp;#27;[33mAccount.feature:26 &amp;#27;[0m# Scenario: Home page default login
&amp;#27;[33mAccount.feature:44 &amp;#27;[0m# Scenario Outline: Home page default login
&amp;#27;[33mAccount.feature:45 &amp;#27;[0m# Scenario Outline: Home page default login
&amp;#27;[33mAccount.feature:46 &amp;#27;[0m# Scenario Outline: Home page default login
&amp;#27;[33mAccount.feature:47 &amp;#27;[0m# Scenario Outline: Home page default login

7 Scenarios (&amp;#27;[33m7 undefined&amp;#27;[0m)
49 Steps (&amp;#27;[36m7 skipped&amp;#27;[0m, &amp;#27;[33m7 undefined&amp;#27;[0m, &amp;#27;[32m35 passed&amp;#27;[0m)
0m0.200s


You can implement missing steps with the snippets below:

@Then(&quot;^Home page is populated$&quot;)
public void home_page_is_populated() throws Throwable {
    // Write code here that turns the phrase above into concrete actions
    throw new PendingException();
}

</system-out>
  </testcase>
</testsuite>